<?xml version="1.0" encoding="utf-8"?><testsuites><testsuite name="pytest" errors="0" failures="0" skipped="0" tests="48" time="0.202" timestamp="2024-08-20T14:01:29.528958-03:00" hostname="android-67867867867"><testcase classname="tests.test_codigo_001_somar" name="teste_somar_com_sucesso[1-1-2]" time="0.001" /><testcase classname="tests.test_codigo_001_somar" name="teste_somar_com_sucesso[11-1-12]" time="0.001" /><testcase classname="tests.test_codigo_001_somar" name="teste_soma_com_erro[1-1-3]" time="0.001" /><testcase classname="tests.test_codigo_001_somar" name="teste_soma_com_erro[11-1-11]" time="0.001" /><testcase classname="tests.test_codigo_002_lambda_somar" name="teste_somar_com_sucesso" time="0.000" /><testcase classname="tests.test_codigo_002_lambda_somar" name="teste_soma_com_erro" time="0.000" /><testcase classname="tests.test_codigo_003_classe_produto" name="testa_criacao_de_produtos_com_sucesso[Arroz-1-1-1]" time="0.001" /><testcase classname="tests.test_codigo_003_classe_produto" name="testa_criacao_de_produtos_com_sucesso[Feijao-1-1-1]" time="0.001" /><testcase classname="tests.test_codigo_003_classe_produto" name="teste_alteracao_preco_de_produtos_com_sucesso[Arroz-1-1-1]" time="0.001" /><testcase classname="tests.test_codigo_003_classe_produto" name="teste_alteracao_preco_de_produtos_com_sucesso[Feijao-1-1-1]" time="0.001" /><testcase classname="tests.test_codigo_003_classe_produto" name="teste_alteracao_preco_de_produtos_com_falha[Arroz-1-1-1]" time="0.001" /><testcase classname="tests.test_codigo_003_classe_produto" name="teste_alteracao_preco_de_produtos_com_falha[Feijao-1-1-1]" time="0.001" /><testcase classname="tests.test_codigo_003_classe_produto" name="teste_alteracao_quantidade_de_produtos_com_sucesso[Arroz-1-1-1]" time="0.001" /><testcase classname="tests.test_codigo_003_classe_produto" name="teste_alteracao_quantidade_de_produtos_com_sucesso[Feijao-1-1-1]" time="0.001" /><testcase classname="tests.test_codigo_003_classe_produto" name="teste_alteracao_quantidade_de_produtos_com_falha[Arroz-1-1-1]" time="0.001" /><testcase classname="tests.test_codigo_003_classe_produto" name="teste_alteracao_quantidade_de_produtos_com_falha[Feijao-1-1-1]" time="0.001" /><testcase classname="tests.test_codigo_003_classe_produto" name="teste_obtem_produto_com_sucesso[Arroz-1-1-1]" time="0.001" /><testcase classname="tests.test_codigo_003_classe_produto" name="teste_obtem_produto_com_sucesso[Feijao-1-1-1]" time="0.001" /><testcase classname="tests.test_codigo_004_classe_produto_critico" name="teste_alteracao_preco_de_produtos_com_sucesso[Arroz-1-10-10-20]" time="0.001" /><testcase classname="tests.test_codigo_004_classe_produto_critico" name="teste_alteracao_preco_de_produtos_com_falha[Arroz-1-10-10-20]" time="0.001" /><testcase classname="tests.test_codigo_004_classe_produto_critico" name="teste_alteracao_quantidade_de_produtos_com_sucesso[Arroz-1-10-10-20]" time="0.001" /><testcase classname="tests.test_codigo_004_classe_produto_critico" name="teste_alteracao_quantidade_de_produtos_com_falha[Arroz-1-10-100-20]" time="0.001" /><testcase classname="tests.test_codigo_004_classe_produto_critico" name="teste_obtem_produto_com_sucesso[Arroz-1-10-100-20]" time="0.001" /><testcase classname="tests.test_codigo_004_classe_produto_critico" name="teste_obtem_serie_com_sucesso[Arroz-1-10-100-20]" time="0.001" /><testcase classname="tests.test_codigo_005_classe_produto_perecivel" name="teste_obtem_produto_com_sucesso[Arroz-1-10-100-20]" time="0.001" /><testcase classname="tests.test_codigo_006_classe_veiculo_com_exception" name="teste_obtem_chassi_e_motor_com_sucesso[KHG969878976G7DF9G7-SGD97S9]" time="0.001" /><testcase classname="tests.test_codigo_006_classe_veiculo_com_exception" name="teste_alterar_chassis_iguais[KHG969878976G7DF9G7-SGD97S9-KHG969878976G7DF9G7]" time="0.001" /><testcase classname="tests.test_codigo_006_classe_veiculo_com_exception" name="teste_alterar_chassis_diferentes[KHG969878976G7DF9G7-SGD97S9-KHG969878976G7DF9G6]" time="0.001" /><testcase classname="tests.test_codigo_008_input" name="teste_obter_numero_com_sucesso[10]" time="0.001" /><testcase classname="tests.test_codigo_008_input" name="teste_obter_numero_com_sucesso[9]" time="0.001" /><testcase classname="tests.test_codigo_008_input" name="teste_obter_tres_numeros_simples_com_sucesso[valor_esperado0]" time="0.002" /><testcase classname="tests.test_codigo_008_input" name="teste_obter_tres_numeros_simples_com_sucesso[valor_esperado1]" time="0.001" /><testcase classname="tests.test_codigo_008_input" name="teste_obter_trinta_numeros_com_sucesso[valor_esperado0]" time="0.001" /><testcase classname="tests.test_codigo_008_input" name="teste_obter_trinta_numeros_com_sucesso[valor_esperado1]" time="0.001" /><testcase classname="tests.test_codigo_008_input" name="teste_obter_n_numeros_com_sucesso[valor_esperado0]" time="0.002" /><testcase classname="tests.test_codigo_009_print" name="teste_print_obtem_numero_com_sucesso[10]" time="0.002" /><testcase classname="tests.test_codigo_009_print" name="teste_print_obtem_numero_com_sucesso[9]" time="0.001" /><testcase classname="tests.test_codigo_009_print" name="teste_print_obtem_tres_numeros_com_sucesso[valor_esperado0]" time="0.002" /><testcase classname="tests.test_codigo_009_print" name="teste_print_obtem_tres_numeros_com_sucesso[valor_esperado1]" time="0.002" /><testcase classname="tests.test_codigo_009_print" name="teste_print_obtem_trinta_numeros_com_sucesso[valor_esperado0]" time="0.002" /><testcase classname="tests.test_codigo_009_print" name="teste_print_obtem_trinta_numeros_com_sucesso[valor_esperado1]" time="0.002" /><testcase classname="tests.test_codigo_009_print" name="teste_print_obtem_n_numeros_com_sucesso[valor_esperado0]" time="0.003" /><testcase classname="tests.test_codigo_010_classe_singleton" name="testa_classe_singleton_se_duas_instancias_sao_iguais_com_sucesso" time="0.000" /><testcase classname="tests.test_codigo_010_classe_singleton" name="testa_classe_singleton_se_duas_instancias_de_produto_sao_iguais_com_sucesso[Produto-Arroz-1-1-1-Produto-Feijao-1-1-1]" time="0.001" /><testcase classname="tests.test_codigo_010_classe_singleton" name="testa_classe_singleton_se_duas_instancias_de_produto_sao_iguais_com_sucesso[Produto-Feijao-1-1-1-Produto-Arroz-1-1-1]" time="0.001" /><testcase classname="tests.test_codigo_010_classe_singleton" name="testa_classe_singleton_atualizando_dados_na_instancia_com_sucesso[Produto-Arroz-1-1-1-Produto-Feijao-1-1-1]" time="0.001" /><testcase classname="tests.test_codigo_010_classe_singleton" name="testa_classe_singleton_atualizando_dados_na_instancia_com_sucesso[Produto-Feijao-1-1-1-Produto-Arroz-1-1-1]" time="0.001" /><testcase classname="tests.test_codigo_011_classe_singleton_lazy" name="testa_classe_singleton_lazy_se_duas_instancias_sao_iguais_com_sucesso" time="0.000" /></testsuite></testsuites>